program
  compUnit
    funcDef
      funcType
int
INT
main
IDENT
(
L_PAREN
)
R_PAREN
      block
{
L_BRACE
        blockItem
          decl
            varDecl
              bType
int
INT
              varDef
a
IDENT
=
ASSIGN
                initVal
                  exp
                    number
0
INTEGER_CONST
;
SEMICOLON
        blockItem
          stmt
return
RETURN
            exp
              lVal
a
IDENT
;
SEMICOLON
}
R_BRACE
<EOF>
EOF
program
  compUnit
    funcDef
      funcType
int
INT
main
IDENT
(
L_PAREN
)
R_PAREN
      block
{
L_BRACE
        blockItem
          decl
            varDecl
              bType
int
INT
              varDef
a
IDENT
=
ASSIGN
                initVal
                  exp
                    number
0
INTEGER_CONST
;
SEMICOLON
        blockItem
          stmt
return
RETURN
            exp
              lVal
a
IDENT
;
SEMICOLON
}
R_BRACE
<EOF>
EOF
